<?xml version="1.0" encoding="UTF-8"?>
<testng-results skipped="0" failed="0" ignored="0" total="1" passed="1">
  <reporter-output>
  </reporter-output>
  <suite name="Functional_Automation_Test" duration-ms="14010" started-at="2019-10-08T09:11:57Z" finished-at="2019-10-08T09:12:11Z">
    <groups>
    </groups>
    <test name="All" duration-ms="14010" started-at="2019-10-08T09:11:57Z" finished-at="2019-10-08T09:12:11Z">
      <class name="demo.Sample">
        <test-method status="PASS" signature="testDemo()[pri:0, instance:demo.Sample@1dfe2924]" name="testDemo" duration-ms="13994" started-at="2019-10-08T09:11:57Z" finished-at="2019-10-08T09:12:11Z">
          <reporter-output>
          </reporter-output>
        </test-method> <!-- testDemo -->
      </class> <!-- demo.Sample -->
    </test> <!-- All -->
  </suite> <!-- Functional_Automation_Test -->
</testng-results>
