<?xml version="1.0" encoding="UTF-8"?>
<testng-results skipped="0" failed="0" ignored="0" total="1" passed="1">
  <reporter-output>
  </reporter-output>
  <suite name="Functional_Automation_Test" duration-ms="25" started-at="2019-10-07T13:39:14Z" finished-at="2019-10-07T13:39:14Z">
    <groups>
    </groups>
    <test name="All" duration-ms="25" started-at="2019-10-07T13:39:14Z" finished-at="2019-10-07T13:39:14Z">
      <class name="demo.TestNGTest">
        <test-method status="PASS" signature="demo()[pri:0, instance:demo.TestNGTest@27808f31]" name="demo" duration-ms="7" started-at="2019-10-07T13:39:14Z" finished-at="2019-10-07T13:39:14Z">
          <reporter-output>
          </reporter-output>
        </test-method> <!-- demo -->
      </class> <!-- demo.TestNGTest -->
    </test> <!-- All -->
  </suite> <!-- Functional_Automation_Test -->
</testng-results>
